TN:
SF:src\App.tsx
FN:4,App
FNF:1
FNH:1
FNDA:2,App
DA:5,2
LF:1
LH:1
BRF:0
BRH:0
end_of_record
TN:
SF:src\components\AppSidebar.tsx
FN:8,AppSidebar
FNF:1
FNH:1
FNDA:1,AppSidebar
LF:0
LH:0
BRF:0
BRH:0
end_of_record
TN:
SF:src\components\NavMain.tsx
FN:19,NavMain
FNF:1
FNH:1
FNDA:1,NavMain
LF:0
LH:0
BRF:0
BRH:0
end_of_record
TN:
SF:src\components\NavProjects.tsx
FN:26,NavProjects
FNF:1
FNH:1
FNDA:1,NavProjects
DA:35,1
LF:1
LH:1
BRDA:58,0,0,0
BRDA:58,0,1,1
BRDA:59,1,0,0
BRDA:59,1,1,1
BRF:4
BRH:2
end_of_record
TN:
SF:src\components\NavUnified.tsx
FN:40,NavUnified
FN:44,(anonymous_1)
FN:49,(anonymous_2)
FN:55,(anonymous_3)
FN:60,(anonymous_4)
FN:61,(anonymous_5)
FN:97,(anonymous_6)
FN:110,(anonymous_7)
FN:122,(anonymous_8)
FNF:9
FNH:6
FNDA:4,NavUnified
FNDA:3,(anonymous_1)
FNDA:1,(anonymous_2)
FNDA:0,(anonymous_3)
FNDA:0,(anonymous_4)
FNDA:0,(anonymous_5)
FNDA:8,(anonymous_6)
FNDA:1,(anonymous_7)
FNDA:4,(anonymous_8)
DA:41,4
DA:42,4
DA:44,4
DA:45,3
DA:46,3
DA:49,4
DA:50,1
DA:51,1
DA:52,1
DA:55,4
DA:56,0
DA:57,0
DA:60,4
DA:61,0
DA:62,0
DA:63,0
DA:65,0
DA:67,0
DA:68,0
DA:98,8
DA:99,8
DA:100,8
DA:101,8
DA:103,8
DA:104,4
DA:110,1
DA:123,4
LF:27
LH:19
BRDA:40,0,0,4
BRDA:46,1,0,1
BRDA:46,1,1,2
BRDA:62,2,0,0
BRDA:62,2,1,0
BRDA:62,3,0,0
BRDA:62,3,1,0
BRDA:62,3,2,0
BRDA:98,4,0,8
BRDA:98,4,1,4
BRDA:99,5,0,8
BRDA:99,5,1,0
BRDA:100,6,0,8
BRDA:100,6,1,0
BRDA:100,7,0,0
BRDA:100,7,1,0
BRDA:103,8,0,4
BRDA:103,8,1,4
BRDA:103,9,0,8
BRDA:103,9,1,4
BRDA:104,10,0,4
BRDA:104,10,1,2
BRDA:104,10,2,2
BRDA:126,11,0,0
BRDA:126,11,1,4
BRDA:144,12,0,0
BRDA:144,12,1,4
BRDA:160,13,0,0
BRDA:160,13,1,0
BRDA:161,14,0,0
BRDA:161,14,1,0
BRF:31
BRH:16
end_of_record
TN:
SF:src\components\NavUser.tsx
FN:21,NavUser
FN:30,(anonymous_1)
FN:34,(anonymous_2)
FN:91,(anonymous_3)
FN:99,(anonymous_4)
FN:105,(anonymous_5)
FNF:6
FNH:6
FNDA:24,NavUser
FNDA:22,(anonymous_1)
FNDA:39,(anonymous_2)
FNDA:1,(anonymous_3)
FNDA:1,(anonymous_4)
FNDA:1,(anonymous_5)
DA:22,24
DA:23,24
DA:24,24
DA:25,24
DA:26,24
DA:29,24
DA:31,22
DA:32,20
DA:34,39
DA:42,24
DA:91,1
DA:99,1
DA:105,1
LF:13
LH:13
BRDA:31,0,0,2
BRDA:31,0,1,20
BRDA:32,1,0,20
BRDA:32,1,1,0
BRDA:42,2,0,1
BRDA:42,2,1,23
BRDA:66,3,0,0
BRDA:66,3,1,23
BRDA:118,4,0,24
BRDA:118,4,1,1
BRF:10
BRH:8
end_of_record
TN:
SF:src\components\ProtectedRoute.tsx
FN:8,ProtectedRoute
FNF:1
FNH:1
FNDA:2,ProtectedRoute
DA:9,2
DA:11,2
LF:2
LH:2
BRDA:11,0,0,1
BRDA:11,0,1,1
BRF:2
BRH:2
end_of_record
TN:
SF:src\components\Spinner.tsx
FN:5,Spinner
FN:16,SpinnerCustom
FNF:2
FNH:2
FNDA:12,Spinner
FNDA:7,SpinnerCustom
LF:0
LH:0
BRF:0
BRH:0
end_of_record
TN:
SF:src\components\TeamSwitcher.tsx
FN:14,TeamSwitcher
FN:57,(anonymous_1)
FNF:2
FNH:1
FNDA:2,TeamSwitcher
FNDA:0,(anonymous_1)
DA:23,2
DA:24,2
DA:26,2
DA:27,1
DA:57,0
LF:5
LH:4
BRDA:26,0,0,1
BRDA:26,0,1,1
BRDA:52,1,0,0
BRDA:52,1,1,1
BRF:4
BRH:3
end_of_record
TN:
SF:src\components\dataTable\PaymentsTable.tsx
FN:39,(anonymous_0)
FN:50,PaymentsTable
FNF:2
FNH:2
FNDA:1,(anonymous_0)
FNDA:1,PaymentsTable
DA:9,1
DA:40,1
LF:2
LH:2
BRF:0
BRH:0
end_of_record
TN:
SF:src\components\dataTable\UsersTable.tsx
FN:47,UsersTableExample
FNF:1
FNH:1
FNDA:1,UsersTableExample
DA:7,1
LF:1
LH:1
BRDA:24,0,0,1
BRDA:24,0,1,0
BRDA:34,1,0,1
BRDA:34,1,1,0
BRF:4
BRH:2
end_of_record
TN:
SF:src\components\dataTable\lib\createColumns.tsx
FN:34,createColumns
FN:49,(anonymous_1)
FN:56,(anonymous_2)
FN:66,(anonymous_3)
FN:70,(anonymous_4)
FN:73,(anonymous_5)
FN:82,(anonymous_6)
FN:83,(anonymous_7)
FN:95,(anonymous_8)
FN:112,(anonymous_9)
FNF:10
FNH:5
FNDA:2,createColumns
FNDA:0,(anonymous_1)
FNDA:0,(anonymous_2)
FNDA:10,(anonymous_3)
FNDA:10,(anonymous_4)
FNDA:0,(anonymous_5)
FNDA:7,(anonymous_6)
FNDA:3,(anonymous_7)
FNDA:0,(anonymous_8)
FNDA:0,(anonymous_9)
DA:37,2
DA:40,2
DA:41,0
DA:49,0
DA:56,0
DA:66,2
DA:67,10
DA:70,10
DA:73,0
DA:82,7
DA:84,3
DA:91,2
DA:92,0
DA:112,0
DA:124,2
LF:15
LH:9
BRDA:40,0,0,0
BRDA:40,0,1,2
BRDA:46,1,0,0
BRDA:46,1,1,0
BRDA:46,1,2,0
BRDA:69,2,0,10
BRDA:69,2,1,0
BRDA:81,3,0,7
BRDA:81,3,1,3
BRDA:91,4,0,0
BRDA:91,4,1,2
BRDA:91,5,0,2
BRDA:91,5,1,0
BRDA:106,6,0,0
BRDA:106,6,1,0
BRF:15
BRH:6
end_of_record
TN:
SF:src\components\dataTable\lib\data-table.tsx
FN:43,DataTable
FN:90,(anonymous_1)
FN:106,(anonymous_2)
FN:107,(anonymous_3)
FN:113,(anonymous_4)
FN:131,(anonymous_5)
FN:148,(anonymous_6)
FN:187,(anonymous_7)
FN:193,(anonymous_8)
FN:227,(anonymous_9)
FN:237,(anonymous_10)
FN:238,(anonymous_11)
FN:243,(anonymous_12)
FN:258,(anonymous_13)
FN:269,(anonymous_14)
FNF:15
FNH:7
FNDA:2,DataTable
FNDA:0,(anonymous_1)
FNDA:10,(anonymous_2)
FNDA:10,(anonymous_3)
FNDA:0,(anonymous_4)
FNDA:10,(anonymous_5)
FNDA:2,(anonymous_6)
FNDA:0,(anonymous_7)
FNDA:2,(anonymous_8)
FNDA:2,(anonymous_9)
FNDA:0,(anonymous_10)
FNDA:0,(anonymous_11)
FNDA:0,(anonymous_12)
FNDA:0,(anonymous_13)
FNDA:0,(anonymous_14)
DA:51,2
DA:52,2
DA:56,2
DA:57,2
DA:58,2
DA:60,2
DA:91,0
DA:106,10
DA:114,0
DA:148,2
DA:187,0
DA:194,2
DA:195,2
DA:196,2
DA:198,2
DA:200,2
DA:201,2
DA:205,0
DA:207,0
DA:208,0
DA:212,0
DA:213,0
DA:215,0
DA:216,0
DA:219,0
DA:220,0
DA:224,0
DA:227,2
DA:228,2
DA:237,0
DA:238,0
DA:243,0
DA:258,0
DA:269,0
LF:34
LH:16
BRDA:46,0,0,2
BRDA:47,1,0,2
BRDA:48,2,0,2
BRDA:49,3,0,2
BRDA:89,4,0,2
BRDA:89,4,1,0
BRDA:134,5,0,0
BRDA:134,5,1,10
BRDA:151,6,0,2
BRDA:151,6,1,0
BRDA:198,7,0,2
BRDA:198,7,1,0
BRDA:207,8,0,0
BRDA:207,8,1,0
BRDA:219,9,0,0
BRDA:219,9,1,0
BRDA:228,10,0,0
BRDA:228,10,1,2
BRDA:256,11,0,2
BRDA:256,11,1,0
BRF:20
BRH:10
end_of_record
TN:
SF:src\components\dialogs\AccountDialog.tsx
FN:26,AccountDialog
FNF:1
FNH:1
FNDA:2,AccountDialog
LF:0
LH:0
BRF:0
BRH:0
end_of_record
TN:
SF:src\components\dialogs\LogOutDialog.tsx
FN:20,LogOutDialog
FN:25,(anonymous_1)
FN:47,(anonymous_2)
FNF:3
FNH:3
FNDA:2,LogOutDialog
FNDA:1,(anonymous_1)
FNDA:1,(anonymous_2)
DA:21,2
DA:22,2
DA:23,2
DA:25,2
DA:26,1
DA:27,1
DA:28,1
DA:29,1
DA:31,0
DA:32,0
DA:47,1
LF:11
LH:9
BRF:0
BRH:0
end_of_record
TN:
SF:src\components\ui\alert-dialog.tsx
FN:7,AlertDialog
FN:13,AlertDialogTrigger
FN:21,AlertDialogPortal
FN:29,AlertDialogOverlay
FN:45,AlertDialogContent
FN:64,AlertDialogHeader
FN:77,AlertDialogFooter
FN:93,AlertDialogTitle
FN:106,AlertDialogDescription
FN:119,AlertDialogAction
FN:131,AlertDialogCancel
FNF:11
FNH:10
FNDA:2,AlertDialog
FNDA:0,AlertDialogTrigger
FNDA:2,AlertDialogPortal
FNDA:4,AlertDialogOverlay
FNDA:2,AlertDialogContent
FNDA:2,AlertDialogHeader
FNDA:2,AlertDialogFooter
FNDA:2,AlertDialogTitle
FNDA:2,AlertDialogDescription
FNDA:2,AlertDialogAction
FNDA:2,AlertDialogCancel
LF:0
LH:0
BRF:0
BRH:0
end_of_record
TN:
SF:src\components\ui\avatar.tsx
FN:6,Avatar
FN:22,AvatarImage
FN:35,AvatarFallback
FNF:3
FNH:3
FNDA:1,Avatar
FNDA:1,AvatarImage
FNDA:1,AvatarFallback
LF:0
LH:0
BRF:0
BRH:0
end_of_record
TN:
SF:src\components\ui\badge.tsx
FN:28,Badge
FNF:1
FNH:1
FNDA:2,Badge
DA:7,1
DA:35,2
LF:2
LH:2
BRDA:31,0,0,2
BRDA:35,1,0,0
BRDA:35,1,1,2
BRF:3
BRH:2
end_of_record
TN:
SF:src\components\ui\button.tsx
FN:39,Button
FNF:1
FNH:1
FNDA:36,Button
DA:7,9
DA:49,36
LF:2
LH:2
BRDA:43,0,0,36
BRDA:49,1,0,0
BRDA:49,1,1,36
BRF:3
BRH:2
end_of_record
TN:
SF:src\components\ui\checkbox.tsx
FN:7,Checkbox
FNF:1
FNH:0
FNDA:0,Checkbox
LF:0
LH:0
BRF:0
BRH:0
end_of_record
TN:
SF:src\components\ui\collapsible.tsx
FN:3,Collapsible
FN:9,CollapsibleTrigger
FN:20,CollapsibleContent
FNF:3
FNH:3
FNDA:5,Collapsible
FNDA:5,CollapsibleTrigger
FNDA:5,CollapsibleContent
LF:0
LH:0
BRF:0
BRH:0
end_of_record
TN:
SF:src\components\ui\dialog.tsx
FN:7,Dialog
FN:13,DialogTrigger
FN:19,DialogPortal
FN:25,DialogClose
FN:31,DialogOverlay
FN:47,DialogContent
FN:81,DialogHeader
FN:91,DialogFooter
FN:104,DialogTitle
FN:117,DialogDescription
FNF:10
FNH:7
FNDA:2,Dialog
FNDA:0,DialogTrigger
FNDA:2,DialogPortal
FNDA:0,DialogClose
FNDA:2,DialogOverlay
FNDA:2,DialogContent
FNDA:1,DialogHeader
FNDA:0,DialogFooter
FNDA:1,DialogTitle
FNDA:1,DialogDescription
LF:0
LH:0
BRDA:50,0,0,2
BRF:1
BRH:1
end_of_record
TN:
SF:src\components\ui\dropdown-menu.tsx
FN:7,DropdownMenu
FN:13,DropdownMenuPortal
FN:21,DropdownMenuTrigger
FN:32,DropdownMenuContent
FN:52,DropdownMenuGroup
FN:60,DropdownMenuItem
FN:83,DropdownMenuCheckboxItem
FN:109,DropdownMenuRadioGroup
FN:120,DropdownMenuRadioItem
FN:144,DropdownMenuLabel
FN:164,DropdownMenuSeparator
FN:177,DropdownMenuShortcut
FN:193,DropdownMenuSub
FN:199,DropdownMenuSubTrigger
FN:223,DropdownMenuSubContent
FNF:15
FNH:3
FNDA:4,DropdownMenu
FNDA:0,DropdownMenuPortal
FNDA:4,DropdownMenuTrigger
FNDA:4,DropdownMenuContent
FNDA:0,DropdownMenuGroup
FNDA:0,DropdownMenuItem
FNDA:0,DropdownMenuCheckboxItem
FNDA:0,DropdownMenuRadioGroup
FNDA:0,DropdownMenuRadioItem
FNDA:0,DropdownMenuLabel
FNDA:0,DropdownMenuSeparator
FNDA:0,DropdownMenuShortcut
FNDA:0,DropdownMenuSub
FNDA:0,DropdownMenuSubTrigger
FNDA:0,DropdownMenuSubContent
LF:0
LH:0
BRDA:34,0,0,4
BRDA:63,1,0,0
BRF:2
BRH:1
end_of_record
TN:
SF:src\components\ui\input.tsx
FN:5,Input
FNF:1
FNH:1
FNDA:2,Input
LF:0
LH:0
BRF:0
BRH:0
end_of_record
TN:
SF:src\components\ui\separator.tsx
FN:6,Separator
FNF:1
FNH:0
FNDA:0,Separator
LF:0
LH:0
BRDA:8,0,0,0
BRDA:9,1,0,0
BRF:2
BRH:0
end_of_record
TN:
SF:src\components\ui\sheet.tsx
FN:7,Sheet
FN:11,SheetTrigger
FN:17,SheetClose
FN:23,SheetPortal
FN:29,SheetOverlay
FN:45,SheetContent
FN:82,SheetHeader
FN:92,SheetFooter
FN:102,SheetTitle
FN:115,SheetDescription
FNF:10
FNH:0
FNDA:0,Sheet
FNDA:0,SheetTrigger
FNDA:0,SheetClose
FNDA:0,SheetPortal
FNDA:0,SheetOverlay
FNDA:0,SheetContent
FNDA:0,SheetHeader
FNDA:0,SheetFooter
FNDA:0,SheetTitle
FNDA:0,SheetDescription
LF:0
LH:0
BRDA:48,0,0,0
BRDA:60,1,0,0
BRDA:60,1,1,0
BRDA:62,2,0,0
BRDA:62,2,1,0
BRDA:64,3,0,0
BRDA:64,3,1,0
BRDA:66,4,0,0
BRDA:66,4,1,0
BRF:9
BRH:0
end_of_record
TN:
SF:src\components\ui\sidebar.tsx
FN:45,useSidebar
FN:54,SidebarProvider
FN:75,(anonymous_2)
FN:90,(anonymous_3)
FN:91,(anonymous_4)
FN:91,(anonymous_5)
FN:95,(anonymous_6)
FN:96,(anonymous_7)
FN:107,(anonymous_8)
FN:115,(anonymous_9)
FN:152,Sidebar
FN:254,SidebarTrigger
FN:268,(anonymous_12)
FN:280,SidebarRail
FN:305,SidebarInset
FN:319,SidebarInput
FN:333,SidebarHeader
FN:344,SidebarFooter
FN:355,SidebarSeparator
FN:369,SidebarContent
FN:383,SidebarGroup
FN:394,SidebarGroupLabel
FN:415,SidebarGroupAction
FN:438,SidebarGroupContent
FN:452,SidebarMenu
FN:463,SidebarMenuItem
FN:496,SidebarMenuButton
FN:546,SidebarMenuAction
FN:578,SidebarMenuBadge
FN:600,SidebarMenuSkeleton
FN:608,(anonymous_30)
FN:639,SidebarMenuSub
FN:654,SidebarMenuSubItem
FN:668,SidebarMenuSubButton
FNF:34
FNH:19
FNDA:22,useSidebar
FNDA:16,SidebarProvider
FNDA:0,(anonymous_2)
FNDA:0,(anonymous_3)
FNDA:0,(anonymous_4)
FNDA:0,(anonymous_5)
FNDA:8,(anonymous_6)
FNDA:0,(anonymous_7)
FNDA:8,(anonymous_8)
FNDA:8,(anonymous_9)
FNDA:1,Sidebar
FNDA:0,SidebarTrigger
FNDA:0,(anonymous_12)
FNDA:1,SidebarRail
FNDA:0,SidebarInset
FNDA:0,SidebarInput
FNDA:1,SidebarHeader
FNDA:1,SidebarFooter
FNDA:0,SidebarSeparator
FNDA:1,SidebarContent
FNDA:6,SidebarGroup
FNDA:6,SidebarGroupLabel
FNDA:0,SidebarGroupAction
FNDA:0,SidebarGroupContent
FNDA:7,SidebarMenu
FNDA:12,SidebarMenuItem
FNDA:13,SidebarMenuButton
FNDA:2,SidebarMenuAction
FNDA:0,SidebarMenuBadge
FNDA:0,SidebarMenuSkeleton
FNDA:0,(anonymous_30)
FNDA:3,SidebarMenuSub
FNDA:3,SidebarMenuSubItem
FNDA:3,SidebarMenuSubButton
DA:26,5
DA:27,5
DA:28,5
DA:29,5
DA:30,5
DA:31,5
DA:43,5
DA:46,22
DA:47,22
DA:48,0
DA:51,22
DA:67,16
DA:68,16
DA:72,16
DA:73,16
DA:74,16
DA:76,0
DA:77,0
DA:78,0
DA:80,0
DA:84,0
DA:90,16
DA:91,0
DA:95,16
DA:96,8
DA:97,0
DA:101,0
DA:102,0
DA:106,8
DA:107,8
DA:112,16
DA:114,16
DA:115,8
DA:164,1
DA:166,1
DA:181,1
DA:259,0
DA:269,0
DA:270,0
DA:281,1
DA:399,6
DA:420,0
DA:474,5
DA:509,13
DA:510,13
DA:523,13
DA:524,8
DA:527,5
DA:528,5
DA:555,2
DA:608,0
DA:610,0
DA:679,3
LF:53
LH:37
BRDA:47,0,0,0
BRDA:47,0,1,22
BRDA:55,1,0,16
BRDA:73,2,0,16
BRDA:73,2,1,16
BRDA:76,3,0,0
BRDA:76,3,1,0
BRDA:77,4,0,0
BRDA:77,4,1,0
BRDA:91,5,0,0
BRDA:91,5,1,0
BRDA:97,6,0,0
BRDA:97,6,1,0
BRDA:98,7,0,0
BRDA:98,7,1,0
BRDA:98,7,2,0
BRDA:112,8,0,16
BRDA:112,8,1,0
BRDA:153,9,0,1
BRDA:154,10,0,1
BRDA:155,11,0,1
BRDA:166,12,0,0
BRDA:166,12,1,1
BRDA:181,13,0,0
BRDA:181,13,1,1
BRDA:210,14,0,0
BRDA:210,14,1,1
BRDA:222,15,0,0
BRDA:222,15,1,1
BRDA:222,16,0,1
BRDA:222,16,1,1
BRDA:231,17,0,1
BRDA:231,17,1,0
BRDA:235,18,0,0
BRDA:235,18,1,1
BRDA:235,19,0,1
BRDA:235,19,1,1
BRDA:396,20,0,6
BRDA:399,21,0,0
BRDA:399,21,1,6
BRDA:417,22,0,0
BRDA:420,23,0,0
BRDA:420,23,1,0
BRDA:497,24,0,13
BRDA:498,25,0,13
BRDA:499,26,0,13
BRDA:500,27,0,13
BRDA:509,28,0,5
BRDA:509,28,1,8
BRDA:523,29,0,8
BRDA:523,29,1,5
BRDA:527,30,0,5
BRDA:527,30,1,0
BRDA:539,31,0,5
BRDA:539,31,1,0
BRDA:548,32,0,2
BRDA:549,33,0,2
BRDA:555,34,0,0
BRDA:555,34,1,2
BRDA:569,35,0,2
BRDA:569,35,1,2
BRDA:602,36,0,0
BRDA:669,37,0,3
BRDA:670,38,0,3
BRDA:671,39,0,3
BRDA:679,40,0,3
BRDA:679,40,1,0
BRDA:690,41,0,3
BRDA:690,41,1,0
BRDA:691,42,0,3
BRDA:691,42,1,3
BRF:71
BRH:42
end_of_record
TN:
SF:src\components\ui\skeleton.tsx
FN:3,Skeleton
FNF:1
FNH:0
FNDA:0,Skeleton
LF:0
LH:0
BRF:0
BRH:0
end_of_record
TN:
SF:src\components\ui\table.tsx
FN:5,Table
FN:20,TableHeader
FN:30,TableBody
FN:40,TableFooter
FN:53,TableRow
FN:66,TableHead
FN:79,TableCell
FN:92,TableCaption
FNF:8
FNH:6
FNDA:2,Table
FNDA:2,TableHeader
FNDA:2,TableBody
FNDA:0,TableFooter
FNDA:4,TableRow
FNDA:10,TableHead
FNDA:10,TableCell
FNDA:0,TableCaption
LF:0
LH:0
BRF:0
BRH:0
end_of_record
TN:
SF:src\components\ui\tooltip.tsx
FN:6,TooltipProvider
FN:19,Tooltip
FN:29,TooltipTrigger
FN:35,TooltipContent
FNF:4
FNH:4
FNDA:21,TooltipProvider
FNDA:5,Tooltip
FNDA:5,TooltipTrigger
FNDA:5,TooltipContent
LF:0
LH:0
BRDA:7,0,0,21
BRDA:37,1,0,5
BRF:2
BRH:2
end_of_record
TN:
SF:src\constants\sidebarConstants.ts
FNF:0
FNH:0
DA:12,2
LF:1
LH:1
BRF:0
BRH:0
end_of_record
TN:
SF:src\constants\userConstant.ts
FNF:0
FNH:0
DA:10,1
LF:1
LH:1
BRF:0
BRH:0
end_of_record
TN:
SF:src\contexts\AuthContext.tsx
FN:42,(anonymous_0)
FN:43,(anonymous_1)
FN:66,(anonymous_2)
FN:89,(anonymous_3)
FN:119,(anonymous_4)
FNF:5
FNH:5
FNDA:26,(anonymous_0)
FNDA:23,(anonymous_1)
FNDA:3,(anonymous_2)
FNDA:1,(anonymous_3)
FNDA:29,(anonymous_4)
DA:26,9
DA:42,9
DA:43,26
DA:44,23
DA:45,23
DA:47,23
DA:48,4
DA:49,4
DA:50,4
DA:51,1
DA:53,2
DA:54,2
DA:57,1
DA:58,1
DA:59,1
DA:62,22
DA:64,26
DA:66,26
DA:67,3
DA:68,3
DA:69,3
DA:81,3
DA:82,3
DA:83,3
DA:85,1
DA:89,26
DA:90,1
DA:91,1
DA:92,1
DA:95,26
DA:119,9
DA:120,29
DA:121,29
DA:122,2
DA:124,26
LF:35
LH:35
BRDA:47,0,0,4
BRDA:47,0,1,19
BRDA:47,1,0,23
BRDA:47,1,1,4
BRDA:50,2,0,1
BRDA:50,2,1,2
BRDA:71,3,0,3
BRDA:71,3,1,0
BRDA:72,4,0,3
BRDA:72,4,1,0
BRDA:95,5,0,0
BRDA:95,5,1,26
BRDA:121,6,0,2
BRDA:121,6,1,27
BRF:14
BRH:11
end_of_record
TN:
SF:src\hooks\use-mobile.ts
FN:5,useIsMobile
FN:8,(anonymous_1)
FN:10,(anonymous_2)
FN:15,(anonymous_3)
FNF:4
FNH:4
FNDA:40,useIsMobile
FNDA:19,(anonymous_1)
FNDA:2,(anonymous_2)
FNDA:19,(anonymous_3)
DA:3,6
DA:6,40
DA:8,40
DA:9,19
DA:10,19
DA:11,2
DA:13,19
DA:14,19
DA:15,19
DA:18,40
LF:10
LH:10
BRF:0
BRH:0
end_of_record
TN:
SF:src\hooks\useNotifications.ts
FN:4,(anonymous_0)
FN:5,(anonymous_1)
FN:12,(anonymous_2)
FN:19,(anonymous_3)
FN:26,(anonymous_4)
FN:33,(anonymous_5)
FNF:6
FNH:6
FNDA:9,(anonymous_0)
FNDA:2,(anonymous_1)
FNDA:2,(anonymous_2)
FNDA:2,(anonymous_3)
FNDA:2,(anonymous_4)
FNDA:1,(anonymous_5)
DA:4,1
DA:5,9
DA:6,2
DA:12,9
DA:13,2
DA:19,9
DA:20,2
DA:26,9
DA:27,2
DA:33,9
DA:41,1
DA:48,9
LF:12
LH:12
BRF:0
BRH:0
end_of_record
TN:
SF:src\layouts\Layout.tsx
FN:18,Layout
FN:40,(anonymous_1)
FNF:2
FNH:2
FNDA:13,Layout
FNDA:28,(anonymous_1)
DA:20,13
DA:41,28
LF:2
LH:2
BRDA:20,0,0,3
BRDA:20,0,1,10
BRDA:20,1,0,13
BRDA:20,1,1,4
BRDA:46,2,0,13
BRDA:46,2,1,15
BRDA:52,3,0,15
BRDA:52,3,1,0
BRDA:57,4,0,13
BRDA:57,4,1,2
BRF:10
BRH:9
end_of_record
TN:
SF:src\lib\toast-config.ts
FN:15,(anonymous_0)
FNF:1
FNH:1
FNDA:4,(anonymous_0)
DA:3,1
DA:15,4
LF:2
LH:2
BRF:0
BRH:0
end_of_record
TN:
SF:src\lib\utils.ts
FN:4,cn
FNF:1
FNH:1
FNDA:201,cn
DA:5,201
LF:1
LH:1
BRF:0
BRH:0
end_of_record
TN:
SF:src\pages\Cameras.tsx
FN:7,Cameras
FN:8,(anonymous_1)
FN:65,(anonymous_2)
FN:87,(anonymous_3)
FN:93,(anonymous_4)
FN:99,(anonymous_5)
FN:114,(anonymous_6)
FNF:7
FNH:7
FNDA:17,Cameras
FNDA:17,(anonymous_1)
FNDA:102,(anonymous_2)
FNDA:102,(anonymous_3)
FNDA:102,(anonymous_4)
FNDA:102,(anonymous_5)
FNDA:68,(anonymous_6)
DA:8,17
DA:9,17
DA:12,17
DA:14,17
DA:65,17
DA:66,102
DA:78,17
DA:87,102
DA:93,102
DA:99,102
DA:115,68
LF:11
LH:11
BRF:0
BRH:0
end_of_record
TN:
SF:src\pages\Cars.tsx
FN:7,Cars
FN:8,(anonymous_1)
FN:77,(anonymous_2)
FN:92,(anonymous_3)
FN:108,(anonymous_4)
FN:114,(anonymous_5)
FN:120,(anonymous_6)
FN:135,(anonymous_7)
FNF:8
FNH:8
FNDA:19,Cars
FNDA:19,(anonymous_1)
FNDA:114,(anonymous_2)
FNDA:114,(anonymous_3)
FNDA:114,(anonymous_4)
FNDA:114,(anonymous_5)
FNDA:114,(anonymous_6)
FNDA:76,(anonymous_7)
DA:8,19
DA:9,19
DA:12,19
DA:14,19
DA:77,19
DA:78,114
DA:92,19
DA:93,114
DA:94,114
DA:95,57
DA:96,38
DA:99,19
DA:108,114
DA:114,114
DA:120,114
DA:136,76
LF:16
LH:16
BRDA:94,0,0,57
BRDA:94,0,1,57
BRDA:95,1,0,19
BRDA:95,1,1,38
BRF:4
BRH:4
end_of_record
TN:
SF:src\pages\Dashboard.tsx
FN:14,Dashboard
FN:15,(anonymous_1)
FN:26,(anonymous_2)
FNF:3
FNH:3
FNDA:8,Dashboard
FNDA:8,(anonymous_1)
FNDA:8,(anonymous_2)
DA:15,8
DA:16,8
DA:19,8
DA:21,8
DA:25,8
DA:26,8
LF:6
LH:6
BRDA:26,0,0,8
BRDA:26,0,1,0
BRDA:26,0,2,0
BRF:3
BRH:1
end_of_record
TN:
SF:src\pages\Home.tsx
FN:19,(anonymous_0)
FN:22,(anonymous_1)
FN:23,(anonymous_2)
FN:24,(anonymous_3)
FN:34,(anonymous_4)
FN:147,(anonymous_5)
FN:166,(anonymous_6)
FN:418,(anonymous_7)
FNF:8
FNH:6
FNDA:4,(anonymous_0)
FNDA:4,(anonymous_1)
FNDA:0,(anonymous_2)
FNDA:4,(anonymous_3)
FNDA:4,(anonymous_4)
FNDA:0,(anonymous_5)
FNDA:2,(anonymous_6)
FNDA:2,(anonymous_7)
DA:15,3
DA:16,3
DA:19,3
DA:20,4
DA:22,4
DA:23,4
DA:24,4
DA:34,3
DA:35,4
DA:36,4
DA:147,0
DA:166,3
DA:167,2
DA:418,3
LF:14
LH:13
BRDA:15,0,0,3
BRDA:15,0,1,0
BRDA:19,1,0,4
BRDA:28,2,0,0
BRDA:28,2,1,4
BRDA:34,3,0,4
BRDA:34,4,0,4
BRDA:286,5,0,2
BRDA:286,5,1,8
BRF:9
BRH:7
end_of_record
TN:
SF:src\pages\Login.tsx
FN:7,Login
FN:12,(anonymous_1)
FN:16,(anonymous_2)
FN:22,(anonymous_3)
FN:30,(anonymous_4)
FNF:5
FNH:5
FNDA:16,Login
FNDA:16,(anonymous_1)
FNDA:16,(anonymous_2)
FNDA:2,(anonymous_3)
FNDA:1,(anonymous_4)
DA:8,16
DA:9,16
DA:10,16
DA:12,16
DA:13,16
DA:16,16
DA:17,16
DA:18,0
DA:22,16
DA:23,2
DA:24,1
DA:25,1
DA:26,1
DA:30,16
DA:31,1
DA:32,1
LF:16
LH:15
BRDA:17,0,0,0
BRDA:17,0,1,16
BRDA:23,1,0,1
BRDA:23,1,1,1
BRF:4
BRH:3
end_of_record
TN:
SF:src\pages\NotFound.tsx
FN:10,NotFound
FN:13,(anonymous_1)
FN:17,(anonymous_2)
FN:44,(anonymous_3)
FN:48,(anonymous_4)
FNF:5
FNH:5
FNDA:9,NotFound
FNDA:9,(anonymous_1)
FNDA:2,(anonymous_2)
FNDA:1,(anonymous_3)
FNDA:1,(anonymous_4)
DA:11,9
DA:13,9
DA:14,9
DA:17,9
DA:18,2
DA:19,1
DA:20,1
DA:44,1
DA:48,1
LF:9
LH:9
BRDA:18,0,0,1
BRDA:18,0,1,1
BRF:2
BRH:2
end_of_record
TN:
SF:src\pages\SignUp.tsx
FN:10,SignUp
FN:28,(anonymous_1)
FN:32,(anonymous_2)
FN:38,(anonymous_3)
FN:71,(anonymous_4)
FN:73,(anonymous_5)
FN:78,(anonymous_6)
FN:85,(anonymous_7)
FN:97,(anonymous_8)
FN:179,(anonymous_9)
FN:207,(anonymous_10)
FNF:11
FNH:9
FNDA:320,SignUp
FNDA:25,(anonymous_1)
FNDA:25,(anonymous_2)
FNDA:10,(anonymous_3)
FNDA:283,(anonymous_4)
FNDA:283,(anonymous_5)
FNDA:1,(anonymous_6)
FNDA:10,(anonymous_7)
FNDA:2,(anonymous_8)
FNDA:0,(anonymous_9)
FNDA:0,(anonymous_10)
DA:11,320
DA:12,320
DA:13,320
DA:14,320
DA:15,320
DA:16,320
DA:18,320
DA:26,320
DA:28,320
DA:29,25
DA:32,320
DA:33,25
DA:34,1
DA:38,320
DA:39,10
DA:41,10
DA:42,2
DA:45,10
DA:46,3
DA:49,10
DA:50,4
DA:51,6
DA:52,0
DA:55,10
DA:56,5
DA:57,5
DA:58,1
DA:61,10
DA:62,7
DA:63,3
DA:64,1
DA:67,10
DA:68,10
DA:71,320
DA:72,283
DA:73,283
DA:77,283
DA:78,1
DA:85,320
DA:86,10
DA:88,10
DA:89,8
DA:92,2
DA:94,2
DA:97,2
DA:99,2
DA:100,2
DA:102,0
DA:104,2
DA:179,0
DA:207,0
LF:51
LH:47
BRDA:33,0,0,1
BRDA:33,0,1,24
BRDA:41,1,0,2
BRDA:41,1,1,8
BRDA:45,2,0,3
BRDA:45,2,1,7
BRDA:49,3,0,4
BRDA:49,3,1,6
BRDA:51,4,0,0
BRDA:51,4,1,6
BRDA:55,5,0,5
BRDA:55,5,1,5
BRDA:57,6,0,1
BRDA:57,6,1,4
BRDA:61,7,0,7
BRDA:61,7,1,3
BRDA:63,8,0,1
BRDA:63,8,1,2
BRDA:77,9,0,1
BRDA:77,9,1,282
BRDA:88,10,0,8
BRDA:88,10,1,2
BRDA:129,11,0,2
BRDA:129,11,1,318
BRDA:143,12,0,4
BRDA:143,12,1,316
BRDA:159,13,0,5
BRDA:159,13,1,315
BRDA:170,14,0,0
BRDA:170,14,1,320
BRDA:175,15,0,7
BRDA:175,15,1,313
BRDA:198,16,0,0
BRDA:198,16,1,320
BRDA:203,17,0,9
BRDA:203,17,1,311
BRDA:223,18,0,2
BRDA:223,18,1,318
BRF:38
BRH:35
end_of_record
TN:
SF:src\pages\Simulations.tsx
FN:8,Simulations
FN:9,(anonymous_1)
FN:72,(anonymous_2)
FN:96,(anonymous_3)
FN:102,(anonymous_4)
FN:129,(anonymous_5)
FNF:6
FNH:6
FNDA:18,Simulations
FNDA:18,(anonymous_1)
FNDA:108,(anonymous_2)
FNDA:108,(anonymous_3)
FNDA:108,(anonymous_4)
FNDA:72,(anonymous_5)
DA:9,18
DA:10,18
DA:13,18
DA:15,18
DA:72,18
DA:73,108
DA:87,18
DA:96,108
DA:102,108
DA:130,72
LF:10
LH:10
BRDA:169,0,0,36
BRDA:169,0,1,72
BRDA:171,1,0,36
BRDA:171,1,1,36
BRDA:173,2,0,18
BRDA:173,2,1,18
BRF:6
BRH:6
end_of_record
TN:
SF:src\pages\Statistics.tsx
FN:6,Statistics
FN:7,(anonymous_1)
FN:53,(anonymous_2)
FNF:3
FNH:3
FNDA:12,Statistics
FNDA:12,(anonymous_1)
FNDA:48,(anonymous_2)
DA:7,12
DA:8,12
DA:11,12
DA:13,12
DA:54,48
LF:5
LH:5
BRF:0
BRH:0
end_of_record
TN:
SF:src\pages\User.tsx
FN:7,UserDetail
FN:8,(anonymous_1)
FN:17,(anonymous_2)
FN:20,(anonymous_3)
FN:63,(anonymous_4)
FN:81,(anonymous_5)
FNF:6
FNH:6
FNDA:16,UserDetail
FNDA:8,(anonymous_1)
FNDA:8,(anonymous_2)
FNDA:8,(anonymous_3)
FNDA:1,(anonymous_4)
FNDA:1,(anonymous_5)
DA:8,16
DA:9,8
DA:11,16
DA:12,16
DA:13,16
DA:14,16
DA:15,16
DA:17,16
DA:20,8
DA:21,8
DA:22,3
DA:23,3
DA:24,3
DA:27,5
DA:29,5
DA:35,5
DA:36,5
DA:38,0
DA:39,0
DA:40,0
DA:44,8
DA:47,16
DA:57,8
DA:63,1
DA:81,1
LF:25
LH:22
BRDA:21,0,0,3
BRDA:21,0,1,5
BRDA:47,1,0,8
BRDA:47,1,1,8
BRDA:57,2,0,3
BRDA:57,2,1,5
BRDA:57,3,0,8
BRDA:57,3,1,5
BRDA:69,4,0,3
BRDA:69,4,1,0
BRDA:90,5,0,5
BRDA:90,5,1,0
BRDA:93,6,0,16
BRDA:93,6,1,0
BRDA:96,7,0,16
BRDA:96,7,1,0
BRF:16
BRH:12
end_of_record
TN:
SF:src\pages\Users.tsx
FN:4,Users
FN:5,(anonymous_1)
FNF:2
FNH:2
FNDA:5,Users
FNDA:5,(anonymous_1)
DA:5,5
DA:6,5
DA:9,5
LF:3
LH:3
BRF:0
BRH:0
end_of_record
TN:
SF:src\routes\index.tsx
FN:2,(anonymous_0)
FN:3,(anonymous_1)
FN:4,(anonymous_2)
FN:5,(anonymous_3)
FN:6,(anonymous_4)
FN:7,(anonymous_5)
FN:8,(anonymous_6)
FN:9,(anonymous_7)
FN:10,(anonymous_8)
FN:11,(anonymous_9)
FN:12,(anonymous_10)
FNF:11
FNH:1
FNDA:2,(anonymous_0)
FNDA:0,(anonymous_1)
FNDA:0,(anonymous_2)
FNDA:0,(anonymous_3)
FNDA:0,(anonymous_4)
FNDA:0,(anonymous_5)
FNDA:0,(anonymous_6)
FNDA:0,(anonymous_7)
FNDA:0,(anonymous_8)
FNDA:0,(anonymous_9)
FNDA:0,(anonymous_10)
DA:2,2
DA:3,2
DA:4,2
DA:5,2
DA:6,2
DA:7,2
DA:8,2
DA:9,2
DA:10,2
DA:11,2
DA:12,2
DA:15,2
DA:73,2
LF:13
LH:13
BRF:0
BRH:0
end_of_record
TN:
SF:src\routes\routeUtils.tsx
FN:13,(anonymous_0)
FN:14,(anonymous_1)
FNF:2
FNH:2
FNDA:11,(anonymous_0)
FNDA:33,(anonymous_1)
DA:13,3
DA:14,33
LF:2
LH:2
BRDA:33,0,0,2
BRDA:33,0,1,31
BRF:2
BRH:2
end_of_record
