TN:
SF:src\App.tsx
FN:4,App
FNF:1
FNH:1
FNDA:2,App
DA:5,2
LF:1
LH:1
BRF:0
BRH:0
end_of_record
TN:
SF:src\components\NavProjects.tsx
FN:26,NavProjects
FNF:1
FNH:1
FNDA:21,NavProjects
DA:35,21
LF:1
LH:1
BRDA:58,0,0,37
BRDA:58,0,1,16
BRDA:59,1,0,37
BRDA:59,1,1,16
BRF:4
BRH:4
end_of_record
TN:
SF:src\components\ProtectedRoute.tsx
FN:8,ProtectedRoute
FNF:1
FNH:1
FNDA:23,ProtectedRoute
DA:9,23
DA:11,23
LF:2
LH:2
BRDA:11,0,0,1
BRDA:11,0,1,22
BRF:2
BRH:2
end_of_record
TN:
SF:src\constants\paymentConstant.ts
FNF:0
FNH:0
DA:10,1
LF:1
LH:1
BRF:0
BRH:0
end_of_record
TN:
SF:src\constants\sidebarConstants.ts
FNF:0
FNH:0
DA:12,2
LF:1
LH:1
BRF:0
BRH:0
end_of_record
TN:
SF:src\constants\userConstant.ts
FNF:0
FNH:0
DA:10,1
LF:1
LH:1
BRF:0
BRH:0
end_of_record
TN:
SF:src\contexts\AuthContext.tsx
FN:42,(anonymous_0)
FN:43,(anonymous_1)
FN:66,(anonymous_2)
FN:89,(anonymous_3)
FN:95,(anonymous_4)
FN:120,(anonymous_5)
FNF:6
FNH:6
FNDA:29,(anonymous_0)
FNDA:25,(anonymous_1)
FNDA:4,(anonymous_2)
FNDA:1,(anonymous_3)
FNDA:29,(anonymous_4)
FNDA:32,(anonymous_5)
DA:26,9
DA:42,9
DA:43,29
DA:44,25
DA:45,25
DA:47,25
DA:48,5
DA:49,5
DA:50,4
DA:51,2
DA:53,2
DA:54,2
DA:57,1
DA:58,1
DA:59,1
DA:62,23
DA:64,29
DA:66,29
DA:67,4
DA:68,4
DA:69,3
DA:81,3
DA:82,3
DA:83,3
DA:85,1
DA:89,29
DA:90,1
DA:91,1
DA:92,1
DA:95,29
DA:120,9
DA:121,32
DA:122,31
DA:123,2
DA:125,29
LF:35
LH:35
BRDA:47,0,0,5
BRDA:47,0,1,20
BRDA:47,1,0,25
BRDA:47,1,1,5
BRDA:50,2,0,2
BRDA:50,2,1,2
BRDA:71,3,0,3
BRDA:71,3,1,1
BRDA:72,4,0,3
BRDA:72,4,1,1
BRDA:122,5,0,2
BRDA:122,5,1,29
BRF:12
BRH:12
end_of_record
TN:
SF:src\hooks\use-mobile.ts
FN:5,useIsMobile
FN:8,(anonymous_1)
FN:10,(anonymous_2)
FN:15,(anonymous_3)
FNF:4
FNH:4
FNDA:84,useIsMobile
FNDA:41,(anonymous_1)
FNDA:2,(anonymous_2)
FNDA:41,(anonymous_3)
DA:3,7
DA:6,84
DA:8,84
DA:9,41
DA:10,41
DA:11,2
DA:13,41
DA:14,41
DA:15,41
DA:18,84
LF:10
LH:10
BRF:0
BRH:0
end_of_record
TN:
SF:src\hooks\useNotifications.ts
FN:4,(anonymous_0)
FN:5,(anonymous_1)
FN:12,(anonymous_2)
FN:19,(anonymous_3)
FN:26,(anonymous_4)
FN:33,(anonymous_5)
FNF:6
FNH:6
FNDA:9,(anonymous_0)
FNDA:2,(anonymous_1)
FNDA:2,(anonymous_2)
FNDA:2,(anonymous_3)
FNDA:2,(anonymous_4)
FNDA:1,(anonymous_5)
DA:4,1
DA:5,9
DA:6,2
DA:12,9
DA:13,2
DA:19,9
DA:20,2
DA:26,9
DA:27,2
DA:33,9
DA:41,1
DA:48,9
LF:12
LH:12
BRF:0
BRH:0
end_of_record
TN:
SF:src\layouts\Layout.tsx
FN:18,Layout
FN:40,(anonymous_1)
FNF:2
FNH:2
FNDA:14,Layout
FNDA:30,(anonymous_1)
DA:20,14
DA:41,30
LF:2
LH:2
BRDA:20,0,0,4
BRDA:20,0,1,10
BRDA:20,1,0,14
BRDA:20,1,1,5
BRDA:46,2,0,14
BRDA:46,2,1,16
BRDA:49,3,0,14
BRDA:52,4,0,16
BRDA:52,4,1,1
BRDA:56,5,0,30
BRDA:57,6,0,14
BRDA:57,6,1,2
BRF:12
BRH:12
end_of_record
TN:
SF:src\lib\google-oauth.ts
FNF:0
FNH:0
DA:1,2
DA:3,2
DA:4,1
LF:3
LH:3
BRDA:1,0,0,2
BRDA:1,0,1,1
BRDA:3,1,0,1
BRDA:3,1,1,1
BRF:4
BRH:4
end_of_record
TN:
SF:src\lib\toast-config.ts
FN:15,(anonymous_0)
FNF:1
FNH:1
FNDA:4,(anonymous_0)
DA:3,2
DA:15,4
LF:2
LH:2
BRF:0
BRH:0
end_of_record
TN:
SF:src\lib\utils.ts
FN:4,cn
FNF:1
FNH:1
FNDA:7060,cn
DA:5,7060
LF:1
LH:1
BRF:0
BRH:0
end_of_record
TN:
SF:src\pages\Cameras.tsx
FN:7,Cameras
FN:8,(anonymous_1)
FN:65,(anonymous_2)
FN:87,(anonymous_3)
FN:93,(anonymous_4)
FN:99,(anonymous_5)
FN:114,(anonymous_6)
FNF:7
FNH:7
FNDA:17,Cameras
FNDA:17,(anonymous_1)
FNDA:102,(anonymous_2)
FNDA:102,(anonymous_3)
FNDA:102,(anonymous_4)
FNDA:102,(anonymous_5)
FNDA:68,(anonymous_6)
DA:8,17
DA:9,17
DA:12,17
DA:14,17
DA:65,17
DA:66,102
DA:78,17
DA:87,102
DA:93,102
DA:99,102
DA:115,68
LF:11
LH:11
BRF:0
BRH:0
end_of_record
TN:
SF:src\pages\Cars.tsx
FN:17,Cars
FN:24,(anonymous_1)
FN:28,(anonymous_2)
FN:29,(anonymous_3)
FN:50,(anonymous_4)
FN:51,(anonymous_5)
FN:52,(anonymous_6)
FN:84,(anonymous_7)
FN:89,(anonymous_8)
FN:107,(anonymous_9)
FNF:10
FNH:10
FNDA:21,Cars
FNDA:13,(anonymous_1)
FNDA:21,(anonymous_2)
FNDA:21,(anonymous_3)
FNDA:38,(anonymous_4)
FNDA:38,(anonymous_5)
FNDA:38,(anonymous_6)
FNDA:76,(anonymous_7)
FNDA:38,(anonymous_8)
FNDA:84,(anonymous_9)
DA:8,1
DA:18,21
DA:19,21
DA:20,21
DA:22,21
DA:24,21
DA:25,13
DA:28,21
DA:29,21
DA:30,21
DA:31,21
DA:32,21
DA:33,21
DA:34,20
DA:35,20
DA:37,1
DA:40,1
DA:42,21
DA:46,21
DA:50,38
DA:51,38
DA:52,21
DA:53,38
DA:54,38
DA:57,21
DA:84,21
DA:85,76
DA:86,76
DA:89,21
DA:90,38
DA:91,38
DA:108,84
LF:32
LH:32
BRDA:33,0,0,20
BRDA:33,0,1,1
BRDA:118,1,0,52
BRDA:130,2,0,13
BRDA:134,3,0,1
BRDA:148,4,0,37
BRDA:170,5,0,37
BRDA:170,5,1,1
BRF:8
BRH:8
end_of_record
TN:
SF:src\pages\Dashboard.tsx
FN:14,Dashboard
FN:15,(anonymous_1)
FN:25,(anonymous_2)
FNF:3
FNH:3
FNDA:10,Dashboard
FNDA:10,(anonymous_1)
FNDA:10,(anonymous_2)
DA:15,10
DA:16,10
DA:19,10
DA:21,10
DA:25,10
DA:26,10
DA:27,3
DA:28,2
LF:8
LH:8
BRDA:26,0,0,7
BRDA:26,0,1,3
BRDA:27,1,0,1
BRDA:27,1,1,2
BRDA:28,2,0,2
BRDA:28,2,1,1
BRF:6
BRH:6
end_of_record
TN:
SF:src\pages\Home.tsx
FN:19,(anonymous_0)
FN:22,(anonymous_1)
FN:23,(anonymous_2)
FN:24,(anonymous_3)
FN:34,(anonymous_4)
FN:51,(anonymous_5)
FN:147,(anonymous_9)
FN:166,(anonymous_10)
FN:376,(anonymous_16)
FNF:9
FNH:9
FNDA:12,(anonymous_0)
FNDA:9,(anonymous_1)
FNDA:3,(anonymous_2)
FNDA:9,(anonymous_3)
FNDA:9,(anonymous_4)
FNDA:144,(anonymous_5)
FNDA:1,(anonymous_9)
FNDA:4,(anonymous_10)
FNDA:4,(anonymous_16)
DA:15,4
DA:16,3
DA:19,4
DA:20,12
DA:22,12
DA:23,9
DA:24,9
DA:34,4
DA:35,9
DA:36,9
DA:51,144
DA:147,1
DA:166,4
DA:167,4
DA:376,4
LF:15
LH:15
BRDA:15,0,0,3
BRDA:15,0,1,1
BRDA:19,1,0,2
BRDA:28,2,0,3
BRDA:28,2,1,9
BRDA:34,3,0,5
BRDA:34,4,0,1
BRDA:244,5,0,4
BRDA:244,5,1,16
BRF:9
BRH:9
end_of_record
TN:
SF:src\pages\Login.tsx
FN:7,Login
FN:12,(anonymous_1)
FN:16,(anonymous_2)
FN:22,(anonymous_3)
FN:30,(anonymous_4)
FNF:5
FNH:5
FNDA:17,Login
FNDA:17,(anonymous_1)
FNDA:17,(anonymous_2)
FNDA:2,(anonymous_3)
FNDA:1,(anonymous_4)
DA:8,17
DA:9,17
DA:10,17
DA:12,17
DA:13,17
DA:16,17
DA:17,17
DA:18,1
DA:22,17
DA:23,2
DA:24,1
DA:25,1
DA:26,1
DA:30,17
DA:31,1
DA:32,1
LF:16
LH:16
BRDA:17,0,0,1
BRDA:17,0,1,16
BRDA:23,1,0,1
BRDA:23,1,1,1
BRF:4
BRH:4
end_of_record
TN:
SF:src\pages\NotFound.tsx
FN:10,NotFound
FN:13,(anonymous_1)
FN:17,(anonymous_2)
FN:44,(anonymous_3)
FN:48,(anonymous_4)
FNF:5
FNH:5
FNDA:9,NotFound
FNDA:9,(anonymous_1)
FNDA:2,(anonymous_2)
FNDA:1,(anonymous_3)
FNDA:1,(anonymous_4)
DA:11,9
DA:13,9
DA:14,9
DA:17,9
DA:18,2
DA:19,1
DA:20,1
DA:44,1
DA:48,1
LF:9
LH:9
BRDA:18,0,0,1
BRDA:18,0,1,1
BRF:2
BRH:2
end_of_record
TN:
SF:src\pages\SignUp.tsx
FN:10,SignUp
FN:28,(anonymous_1)
FN:32,(anonymous_2)
FN:38,(anonymous_3)
FN:71,(anonymous_4)
FN:73,(anonymous_5)
FN:78,(anonymous_6)
FN:85,(anonymous_7)
FN:97,(anonymous_8)
FN:184,(anonymous_9)
FN:213,(anonymous_10)
FNF:11
FNH:11
FNDA:459,SignUp
FNDA:28,(anonymous_1)
FNDA:28,(anonymous_2)
FNDA:13,(anonymous_3)
FNDA:415,(anonymous_4)
FNDA:415,(anonymous_5)
FNDA:1,(anonymous_6)
FNDA:13,(anonymous_7)
FNDA:4,(anonymous_8)
FNDA:1,(anonymous_9)
FNDA:1,(anonymous_10)
DA:11,459
DA:12,459
DA:13,459
DA:14,459
DA:15,459
DA:16,459
DA:18,459
DA:26,459
DA:28,459
DA:29,28
DA:32,459
DA:33,28
DA:34,1
DA:38,459
DA:39,13
DA:41,13
DA:42,2
DA:45,13
DA:46,3
DA:49,13
DA:50,4
DA:51,9
DA:52,1
DA:55,13
DA:56,5
DA:57,8
DA:58,1
DA:61,13
DA:62,7
DA:63,6
DA:64,1
DA:67,13
DA:68,13
DA:71,459
DA:72,415
DA:73,415
DA:77,415
DA:78,1
DA:85,459
DA:86,13
DA:88,13
DA:89,9
DA:92,4
DA:94,4
DA:97,4
DA:99,3
DA:100,1
DA:102,2
DA:103,2
DA:105,3
DA:184,1
DA:213,1
LF:52
LH:52
BRDA:33,0,0,1
BRDA:33,0,1,27
BRDA:41,1,0,2
BRDA:41,1,1,11
BRDA:45,2,0,3
BRDA:45,2,1,10
BRDA:49,3,0,4
BRDA:49,3,1,9
BRDA:51,4,0,1
BRDA:51,4,1,8
BRDA:55,5,0,5
BRDA:55,5,1,8
BRDA:57,6,0,1
BRDA:57,6,1,7
BRDA:61,7,0,7
BRDA:61,7,1,6
BRDA:63,8,0,1
BRDA:63,8,1,5
BRDA:77,9,0,1
BRDA:77,9,1,414
BRDA:88,10,0,9
BRDA:88,10,1,4
BRDA:102,11,0,1
BRDA:102,11,1,1
BRDA:131,12,0,2
BRDA:131,12,1,457
BRDA:133,13,0,459
BRDA:146,14,0,4
BRDA:146,14,1,455
BRDA:148,15,0,459
BRDA:163,16,0,6
BRDA:163,16,1,453
BRDA:165,17,0,459
BRDA:175,18,0,2
BRDA:175,18,1,457
BRDA:180,19,0,7
BRDA:180,19,1,452
BRDA:188,20,0,2
BRDA:194,21,0,459
BRDA:204,22,0,1
BRDA:204,22,1,458
BRDA:209,23,0,9
BRDA:209,23,1,450
BRDA:217,24,0,1
BRDA:223,25,0,459
BRDA:229,26,0,4
BRDA:229,26,1,455
BRF:47
BRH:47
end_of_record
TN:
SF:src\pages\Simulations.tsx
FN:10,(anonymous_0)
FN:17,(anonymous_1)
FN:50,Simulations
FN:51,(anonymous_3)
FN:114,(anonymous_4)
FN:138,(anonymous_5)
FN:144,(anonymous_6)
FN:171,(anonymous_7)
FNF:8
FNH:8
FNDA:108,(anonymous_0)
FNDA:108,(anonymous_1)
FNDA:18,Simulations
FNDA:18,(anonymous_3)
FNDA:108,(anonymous_4)
FNDA:108,(anonymous_5)
FNDA:108,(anonymous_6)
FNDA:72,(anonymous_7)
DA:10,1
DA:11,108
DA:12,72
DA:13,36
DA:14,18
DA:17,1
DA:18,108
DA:26,72
DA:34,54
DA:51,18
DA:52,18
DA:55,18
DA:57,18
DA:114,18
DA:115,108
DA:129,18
DA:138,108
DA:144,108
DA:172,72
LF:19
LH:19
BRDA:11,0,0,36
BRDA:11,0,1,72
BRDA:12,1,0,36
BRDA:12,1,1,36
BRDA:13,2,0,18
BRDA:13,2,1,18
BRDA:18,3,0,36
BRDA:18,3,1,72
BRDA:26,4,0,18
BRDA:26,4,1,54
BRDA:34,5,0,18
BRDA:34,5,1,36
BRF:12
BRH:12
end_of_record
TN:
SF:src\pages\Statistics.tsx
FN:6,Statistics
FN:7,(anonymous_1)
FN:53,(anonymous_2)
FNF:3
FNH:3
FNDA:12,Statistics
FNDA:12,(anonymous_1)
FNDA:48,(anonymous_2)
DA:7,12
DA:8,12
DA:11,12
DA:13,12
DA:54,48
LF:5
LH:5
BRF:0
BRH:0
end_of_record
TN:
SF:src\pages\User.tsx
FN:7,UserDetail
FN:8,(anonymous_1)
FN:17,(anonymous_2)
FN:20,(anonymous_3)
FN:63,(anonymous_4)
FN:81,(anonymous_5)
FNF:6
FNH:6
FNDA:20,UserDetail
FNDA:11,(anonymous_1)
FNDA:11,(anonymous_2)
FNDA:11,(anonymous_3)
FNDA:1,(anonymous_4)
FNDA:1,(anonymous_5)
DA:8,20
DA:9,11
DA:11,20
DA:12,20
DA:13,20
DA:14,20
DA:15,20
DA:17,20
DA:20,11
DA:21,11
DA:22,3
DA:23,3
DA:24,3
DA:27,8
DA:29,8
DA:35,8
DA:36,7
DA:38,1
DA:39,1
DA:40,1
DA:44,11
DA:47,20
DA:57,11
DA:63,1
DA:81,1
LF:25
LH:25
BRDA:21,0,0,3
BRDA:21,0,1,8
BRDA:47,1,0,9
BRDA:47,1,1,11
BRDA:57,2,0,5
BRDA:57,2,1,6
BRDA:57,3,0,11
BRDA:57,3,1,7
BRDA:69,4,0,5
BRDA:69,4,1,1
BRDA:90,5,0,6
BRDA:90,5,1,1
BRDA:93,6,0,6
BRDA:93,6,1,1
BRDA:96,7,0,6
BRDA:96,7,1,1
BRF:16
BRH:16
end_of_record
TN:
SF:src\pages\Users.tsx
FN:4,Users
FN:5,(anonymous_1)
FNF:2
FNH:2
FNDA:5,Users
FNDA:5,(anonymous_1)
DA:5,5
DA:6,5
DA:9,5
LF:3
LH:3
BRF:0
BRH:0
end_of_record
TN:
SF:src\routes\index.tsx
FN:2,(anonymous_0)
FN:3,(anonymous_1)
FN:4,(anonymous_2)
FN:5,(anonymous_3)
FN:6,(anonymous_4)
FN:7,(anonymous_5)
FN:8,(anonymous_6)
FN:9,(anonymous_7)
FN:10,(anonymous_8)
FN:11,(anonymous_9)
FN:12,(anonymous_10)
FNF:11
FNH:11
FNDA:2,(anonymous_0)
FNDA:1,(anonymous_1)
FNDA:1,(anonymous_2)
FNDA:1,(anonymous_3)
FNDA:1,(anonymous_4)
FNDA:1,(anonymous_5)
FNDA:1,(anonymous_6)
FNDA:1,(anonymous_7)
FNDA:1,(anonymous_8)
FNDA:1,(anonymous_9)
FNDA:1,(anonymous_10)
DA:2,2
DA:3,2
DA:4,2
DA:5,2
DA:6,2
DA:7,2
DA:8,2
DA:9,2
DA:10,2
DA:11,2
DA:12,2
DA:15,2
DA:73,2
LF:13
LH:13
BRF:0
BRH:0
end_of_record
TN:
SF:src\routes\routeUtils.tsx
FN:13,(anonymous_0)
FN:14,(anonymous_1)
FNF:2
FNH:2
FNDA:43,(anonymous_0)
FNDA:77,(anonymous_1)
DA:13,4
DA:14,77
LF:2
LH:2
BRDA:25,0,0,22
BRDA:33,1,0,9
BRDA:33,1,1,68
BRF:3
BRH:3
end_of_record
